<?xml version="1.0" encoding="UTF-8"?>
<!-- Generated by org.testng.reporters.JUnitReportReporter -->
<testsuite name="mavenforjenkins.UITest" tests="1" time="6.803" ignored="0" failures="0" timestamp="20 Jan 2025 14:03:23 GMT" skipped="0" hostname="EPINBANW021E" errors="0">
  <testcase name="startBrowser" time="6.803" classname="mavenforjenkins.UITest"/>
</testsuite> <!-- mavenforjenkins.UITest -->
