<?xml version="1.0" encoding="UTF-8"?>
<!-- Generated by org.testng.reporters.JUnitReportReporter -->
<testsuite name="mavenforjenkins.UITest" tests="1" time="10.390" ignored="0" failures="0" timestamp="20 Jan 2025 13:26:30 GMT" skipped="0" hostname="EPINBANW021E" errors="0">
  <testcase name="startBrowser" time="10.390" classname="mavenforjenkins.UITest"/>
</testsuite> <!-- mavenforjenkins.UITest -->
